Running Sphinx v4.2.0+
loading translations [ru]... done
loading pickled environment... done
building [mo]: targets for 0 po files that are out of date
building [latex]: all documents
updating environment: [config changed ('language')] 5 added, 0 changed, 0 removed
reading sources... [ 20%] annex
reading sources... [ 40%] categories
reading sources... [ 60%] index
reading sources... [ 80%] introduction
reading sources... [100%] releasenotes

looking for now-outdated files... none found
pickling environment... done
checking consistency... done
processing consortium_campuses-techhouse2_casestudy.tex... index releasenotes introduction categories annex 
resolving references...
done
writing... done
copying TeX support files... copying TeX support files...
done
build succeeded.

The LaTeX files are in build/latex.
Run 'make' in that directory to run these through (pdf)latex
(use `make latexpdf' here to do that automatically).
Rc files read:
  /etc/LatexMk
  latexmkrc
Latexmk: This is Latexmk, John Collins, 17 Apr. 2020, version: 4.69a.
Rule 'pdflatex': The following rules & subrules became out-of-date:
      'pdflatex'
------------
Run number 1 of rule 'pdflatex'
------------
------------
Running 'pdflatex   -recorder  "consortium_campuses-techhouse2_casestudy.tex"'
------------
Latexmk: applying rule 'pdflatex'...
This is pdfTeX, Version 3.14159265-2.6-1.40.21 (TeX Live 2020/Debian) (preloaded format=pdflatex)
 restricted \write18 enabled.
entering extended mode
(./consortium_campuses-techhouse2_casestudy.tex
LaTeX2e <2020-02-02> patch level 5
L3 programming layer <2020-07-17> (./sphinxmanual.cls
Document Class: sphinxmanual 2019/12/01 v2.3.0 Document class (Sphinx manual)
(/usr/share/texlive/texmf-dist/tex/latex/base/report.cls
Document Class: report 2019/12/20 v1.4l Standard LaTeX document class
(/usr/share/texlive/texmf-dist/tex/latex/base/size10.clo)))
(/usr/share/texlive/texmf-dist/tex/latex/base/inputenc.sty)
(/usr/share/texlive/texmf-dist/tex/latex/cmap/cmap.sty)
(/usr/share/texlive/texmf-dist/tex/latex/base/fontenc.sty<<t1.cmap>>)
(/usr/share/texlive/texmf-dist/tex/latex/amsmath/amsmath.sty
For additional information on amsmath, use the `?' option.
(/usr/share/texlive/texmf-dist/tex/latex/amsmath/amstext.sty
(/usr/share/texlive/texmf-dist/tex/latex/amsmath/amsgen.sty))
(/usr/share/texlive/texmf-dist/tex/latex/amsmath/amsbsy.sty)
(/usr/share/texlive/texmf-dist/tex/latex/amsmath/amsopn.sty))
(/usr/share/texlive/texmf-dist/tex/latex/amsfonts/amssymb.sty
(/usr/share/texlive/texmf-dist/tex/latex/amsfonts/amsfonts.sty))
(/usr/share/texlive/texmf-dist/tex/generic/babel/babel.sty
(/usr/share/texlive/texmf-dist/tex/generic/babel/babel.def
(/usr/share/texlive/texmf-dist/tex/generic/babel/txtbabel.def))

! Package babel Error: Unknown option `russian'. Either you misspelled it
(babel)                or the language definition file russian.ldf was not foun
d.

See the babel package documentation for explanation.
Type  H <return>  for immediate help.
 ...                                              
                                                  
l.1044 \ProcessOptions*
                       
? make[1]: *** Deleting file 'consortium_campuses-techhouse2_casestudy.pdf'
! Interruption.
\GenericError  ...                                
                                                  \endgroup 
l.1044 \ProcessOptions*
                       
? Traceback (most recent call last):
  File "/usr/local/bin/sphinx-build", line 8, in <module>
    sys.exit(main())
  File "/usr/local/lib/python3.8/dist-packages/sphinx/cmd/build.py", line 292, in main
    return make_main(argv)
  File "/usr/local/lib/python3.8/dist-packages/sphinx/cmd/build.py", line 199, in make_main
    return make_mode.run_make_mode(argv[1:])
  File "/usr/local/lib/python3.8/dist-packages/sphinx/cmd/make_mode.py", line 166, in run_make_mode
    return getattr(make, run_method)()
  File "/usr/local/lib/python3.8/dist-packages/sphinx/cmd/make_mode.py", line 106, in build_latexpdf
    return subprocess.call([makecmd, 'all-pdf'])
  File "/usr/lib/python3.8/subprocess.py", line 342, in call
    return p.wait(timeout=timeout)
  File "/usr/lib/python3.8/subprocess.py", line 1083, in wait
    return self._wait(timeout=timeout)
  File "/usr/lib/python3.8/subprocess.py", line 1806, in _wait
    (pid, sts) = self._try_wait(0)
  File "/usr/lib/python3.8/subprocess.py", line 1764, in _try_wait
    (pid, sts) = os.waitpid(self.pid, wait_flags)
KeyboardInterrupt
make: *** [Makefile:32: latexpdf] Interrupt
Type <return> to proceed, S to scroll future error messages,
R to run without stopping, Q to run quietly,
I to insert something, E to edit your file,
H for help, X to quit.
? 
! Emergency stop.
\GenericError  ...                                
                                                  \endgroup 
l.1044 \ProcessOptions*
                       
!  ==> Fatal error occurred, no output PDF file produced!
Transcript written on consortium_campuses-techhouse2_casestudy.log.
Collected error summary (may duplicate other messages):
  pdflatex: Command for 'pdflatex' gave return code 0.0078125
      Refer to 'consortium_campuses-techhouse2_casestudy.log' for details
Latexmk: Use the -f option to force complete processing,
 unless error was exceeding maximum runs, or warnings treated as errors.
=== TeX engine is 'pdfTeX'
Latexmk: Errors, so I did not complete making targets
